<?xml version="1.0" encoding="UTF-8" ?>
<testsuite tests="4" failures="4" name="TestSuite" time="0.25" errors="0" skipped="0">
  <properties>
[...]
</properties>
  <testcase classname="testcases.AdditionTest" name="additionTest" time="0.118">
    <failure message="The session identified by f07caf06-1d64-4773-9c63-43649b015a63 is not known
Build info: version: &apos;4.16.1&apos;, revision: &apos;9b4c83354e&apos;
System info: os.name: &apos;Windows 11&apos;, os.arch: &apos;amd64&apos;, os.version: &apos;10.0&apos;, java.version: &apos;17.0.4.1&apos;
Driver info: io.appium.java_client.AppiumDriver
Command: [ebbe0a4f-92b4-4018-b2b1-cf7dd6850e49, findElement {using=id, value=com.google.android.calculator:id/digit_1}]
Capabilities {appium:appActivity: com.android.calculator2.Cal..., appium:appPackage: com.google.android.calculator, appium:automationName: UiAutomator2, appium:databaseEnabled: false, appium:desired: {appActivity: com.android.calculator2.Cal..., appPackage: com.google.android.calculator, automationName: UiAutomator2, deviceName: Galaxy S23 Ultra, platformName: ANDROID, platformVersion: 14}, appium:deviceName: R5CW12WPQFB, appium:deviceUDID: R5CW12WPQFB, appium:javascriptEnabled: true, appium:locationContextEnabled: false, appium:networkConnectionEnabled: true, appium:platformVersion: 14, appium:takesScreenshot: true, appium:warnings: {}, appium:webStorageEnabled: false, platformName: ANDROID}
Session ID: ebbe0a4f-92b4-4018-b2b1-cf7dd6850e49" type="org.openqa.selenium.NoSuchSessionException">org.openqa.selenium.NoSuchSessionException: The session identified by f07caf06-1d64-4773-9c63-43649b015a63 is not known
Build info: version: &apos;4.16.1&apos;, revision: &apos;9b4c83354e&apos;
System info: os.name: &apos;Windows 11&apos;, os.arch: &apos;amd64&apos;, os.version: &apos;10.0&apos;, java.version: &apos;17.0.4.1&apos;
Driver info: io.appium.java_client.AppiumDriver
Command: [ebbe0a4f-92b4-4018-b2b1-cf7dd6850e49, findElement {using=id, value=com.google.android.calculator:id/digit_1}]
Capabilities {appium:appActivity: com.android.calculator2.Cal..., appium:appPackage: com.google.android.calculator, appium:automationName: UiAutomator2, appium:databaseEnabled: false, appium:desired: {appActivity: com.android.calculator2.Cal..., appPackage: com.google.android.calculator, automationName: UiAutomator2, deviceName: Galaxy S23 Ultra, platformName: ANDROID, platformVersion: 14}, appium:deviceName: R5CW12WPQFB, appium:deviceUDID: R5CW12WPQFB, appium:javascriptEnabled: true, appium:locationContextEnabled: false, appium:networkConnectionEnabled: true, appium:platformVersion: 14, appium:takesScreenshot: true, appium:warnings: {}, appium:webStorageEnabled: false, platformName: ANDROID}
Session ID: ebbe0a4f-92b4-4018-b2b1-cf7dd6850e49
	at java.base/jdk.internal.reflect.NativeConstructorAccessorImpl.newInstance0(Native Method)
	at java.base/jdk.internal.reflect.NativeConstructorAccessorImpl.newInstance(NativeConstructorAccessorImpl.java:77)
	at java.base/jdk.internal.reflect.DelegatingConstructorAccessorImpl.newInstance(DelegatingConstructorAccessorImpl.java:45)
	at java.base/java.lang.reflect.Constructor.newInstanceWithCaller(Constructor.java:499)
	at java.base/java.lang.reflect.Constructor.newInstance(Constructor.java:480)
	at org.openqa.selenium.remote.codec.w3c.W3CHttpResponseCodec.createException(W3CHttpResponseCodec.java:200)
	at org.openqa.selenium.remote.codec.w3c.W3CHttpResponseCodec.decode(W3CHttpResponseCodec.java:133)
	at org.openqa.selenium.remote.codec.w3c.W3CHttpResponseCodec.decode(W3CHttpResponseCodec.java:52)
	at org.openqa.selenium.remote.HttpCommandExecutor.execute(HttpCommandExecutor.java:191)
	at io.appium.java_client.remote.AppiumCommandExecutor.execute(AppiumCommandExecutor.java:238)
	at org.openqa.selenium.remote.RemoteWebDriver.execute(RemoteWebDriver.java:523)
	at org.openqa.selenium.remote.ElementLocation$ElementFinder$2.findElement(ElementLocation.java:165)
	at org.openqa.selenium.remote.ElementLocation.findElement(ElementLocation.java:66)
	at org.openqa.selenium.remote.RemoteWebDriver.findElement(RemoteWebDriver.java:360)
	at org.openqa.selenium.remote.RemoteWebDriver.findElement(RemoteWebDriver.java:354)
	at testcases.AdditionTest.additionTest(AdditionTest.java:16)
</failure>
    <system-out>Configuring TestNG with: org.apache.maven.surefire.testng.conf.TestNG652Configurator@1a407d53
Application started
</system-out>
    <system-err>SLF4J: No SLF4J providers were found.
SLF4J: Defaulting to no-operation (NOP) logger implementation
SLF4J: See https://www.slf4j.org/codes.html#noProviders for further details.
</system-err>
  </testcase>
  <testcase classname="testcases.DivisionTest" name="divisionTest" time="0.044">
    <failure message="The session identified by f07caf06-1d64-4773-9c63-43649b015a63 is not known
Build info: version: &apos;4.16.1&apos;, revision: &apos;9b4c83354e&apos;
System info: os.name: &apos;Windows 11&apos;, os.arch: &apos;amd64&apos;, os.version: &apos;10.0&apos;, java.version: &apos;17.0.4.1&apos;
Driver info: io.appium.java_client.AppiumDriver
Command: [ebbe0a4f-92b4-4018-b2b1-cf7dd6850e49, findElement {using=id, value=com.google.android.calculator:id/digit_8}]
Capabilities {appium:appActivity: com.android.calculator2.Cal..., appium:appPackage: com.google.android.calculator, appium:automationName: UiAutomator2, appium:databaseEnabled: false, appium:desired: {appActivity: com.android.calculator2.Cal..., appPackage: com.google.android.calculator, automationName: UiAutomator2, deviceName: Galaxy S23 Ultra, platformName: ANDROID, platformVersion: 14}, appium:deviceName: R5CW12WPQFB, appium:deviceUDID: R5CW12WPQFB, appium:javascriptEnabled: true, appium:locationContextEnabled: false, appium:networkConnectionEnabled: true, appium:platformVersion: 14, appium:takesScreenshot: true, appium:warnings: {}, appium:webStorageEnabled: false, platformName: ANDROID}
Session ID: ebbe0a4f-92b4-4018-b2b1-cf7dd6850e49" type="org.openqa.selenium.NoSuchSessionException">org.openqa.selenium.NoSuchSessionException: The session identified by f07caf06-1d64-4773-9c63-43649b015a63 is not known
Build info: version: &apos;4.16.1&apos;, revision: &apos;9b4c83354e&apos;
System info: os.name: &apos;Windows 11&apos;, os.arch: &apos;amd64&apos;, os.version: &apos;10.0&apos;, java.version: &apos;17.0.4.1&apos;
Driver info: io.appium.java_client.AppiumDriver
Command: [ebbe0a4f-92b4-4018-b2b1-cf7dd6850e49, findElement {using=id, value=com.google.android.calculator:id/digit_8}]
Capabilities {appium:appActivity: com.android.calculator2.Cal..., appium:appPackage: com.google.android.calculator, appium:automationName: UiAutomator2, appium:databaseEnabled: false, appium:desired: {appActivity: com.android.calculator2.Cal..., appPackage: com.google.android.calculator, automationName: UiAutomator2, deviceName: Galaxy S23 Ultra, platformName: ANDROID, platformVersion: 14}, appium:deviceName: R5CW12WPQFB, appium:deviceUDID: R5CW12WPQFB, appium:javascriptEnabled: true, appium:locationContextEnabled: false, appium:networkConnectionEnabled: true, appium:platformVersion: 14, appium:takesScreenshot: true, appium:warnings: {}, appium:webStorageEnabled: false, platformName: ANDROID}
Session ID: ebbe0a4f-92b4-4018-b2b1-cf7dd6850e49
	at java.base/jdk.internal.reflect.NativeConstructorAccessorImpl.newInstance0(Native Method)
	at java.base/jdk.internal.reflect.NativeConstructorAccessorImpl.newInstance(NativeConstructorAccessorImpl.java:77)
	at java.base/jdk.internal.reflect.DelegatingConstructorAccessorImpl.newInstance(DelegatingConstructorAccessorImpl.java:45)
	at java.base/java.lang.reflect.Constructor.newInstanceWithCaller(Constructor.java:499)
	at java.base/java.lang.reflect.Constructor.newInstance(Constructor.java:480)
	at org.openqa.selenium.remote.codec.w3c.W3CHttpResponseCodec.createException(W3CHttpResponseCodec.java:200)
	at org.openqa.selenium.remote.codec.w3c.W3CHttpResponseCodec.decode(W3CHttpResponseCodec.java:133)
	at org.openqa.selenium.remote.codec.w3c.W3CHttpResponseCodec.decode(W3CHttpResponseCodec.java:52)
	at org.openqa.selenium.remote.HttpCommandExecutor.execute(HttpCommandExecutor.java:191)
	at io.appium.java_client.remote.AppiumCommandExecutor.execute(AppiumCommandExecutor.java:238)
	at org.openqa.selenium.remote.RemoteWebDriver.execute(RemoteWebDriver.java:523)
	at org.openqa.selenium.remote.ElementLocation$ElementFinder$2.findElement(ElementLocation.java:165)
	at org.openqa.selenium.remote.ElementLocation.findElement(ElementLocation.java:66)
	at org.openqa.selenium.remote.RemoteWebDriver.findElement(RemoteWebDriver.java:360)
	at org.openqa.selenium.remote.RemoteWebDriver.findElement(RemoteWebDriver.java:354)
	at testcases.DivisionTest.divisionTest(DivisionTest.java:20)
</failure>
    <system-out>Division Test
</system-out>
  </testcase>
  <testcase classname="testcases.MultiplicationTest" name="multiplicationTest" time="0.044">
    <failure message="The session identified by f07caf06-1d64-4773-9c63-43649b015a63 is not known
Build info: version: &apos;4.16.1&apos;, revision: &apos;9b4c83354e&apos;
System info: os.name: &apos;Windows 11&apos;, os.arch: &apos;amd64&apos;, os.version: &apos;10.0&apos;, java.version: &apos;17.0.4.1&apos;
Driver info: io.appium.java_client.AppiumDriver
Command: [ebbe0a4f-92b4-4018-b2b1-cf7dd6850e49, findElement {using=id, value=com.google.android.calculator:id/digit_9}]
Capabilities {appium:appActivity: com.android.calculator2.Cal..., appium:appPackage: com.google.android.calculator, appium:automationName: UiAutomator2, appium:databaseEnabled: false, appium:desired: {appActivity: com.android.calculator2.Cal..., appPackage: com.google.android.calculator, automationName: UiAutomator2, deviceName: Galaxy S23 Ultra, platformName: ANDROID, platformVersion: 14}, appium:deviceName: R5CW12WPQFB, appium:deviceUDID: R5CW12WPQFB, appium:javascriptEnabled: true, appium:locationContextEnabled: false, appium:networkConnectionEnabled: true, appium:platformVersion: 14, appium:takesScreenshot: true, appium:warnings: {}, appium:webStorageEnabled: false, platformName: ANDROID}
Session ID: ebbe0a4f-92b4-4018-b2b1-cf7dd6850e49" type="org.openqa.selenium.NoSuchSessionException">org.openqa.selenium.NoSuchSessionException: The session identified by f07caf06-1d64-4773-9c63-43649b015a63 is not known
Build info: version: &apos;4.16.1&apos;, revision: &apos;9b4c83354e&apos;
System info: os.name: &apos;Windows 11&apos;, os.arch: &apos;amd64&apos;, os.version: &apos;10.0&apos;, java.version: &apos;17.0.4.1&apos;
Driver info: io.appium.java_client.AppiumDriver
Command: [ebbe0a4f-92b4-4018-b2b1-cf7dd6850e49, findElement {using=id, value=com.google.android.calculator:id/digit_9}]
Capabilities {appium:appActivity: com.android.calculator2.Cal..., appium:appPackage: com.google.android.calculator, appium:automationName: UiAutomator2, appium:databaseEnabled: false, appium:desired: {appActivity: com.android.calculator2.Cal..., appPackage: com.google.android.calculator, automationName: UiAutomator2, deviceName: Galaxy S23 Ultra, platformName: ANDROID, platformVersion: 14}, appium:deviceName: R5CW12WPQFB, appium:deviceUDID: R5CW12WPQFB, appium:javascriptEnabled: true, appium:locationContextEnabled: false, appium:networkConnectionEnabled: true, appium:platformVersion: 14, appium:takesScreenshot: true, appium:warnings: {}, appium:webStorageEnabled: false, platformName: ANDROID}
Session ID: ebbe0a4f-92b4-4018-b2b1-cf7dd6850e49
	at java.base/jdk.internal.reflect.NativeConstructorAccessorImpl.newInstance0(Native Method)
	at java.base/jdk.internal.reflect.NativeConstructorAccessorImpl.newInstance(NativeConstructorAccessorImpl.java:77)
	at java.base/jdk.internal.reflect.DelegatingConstructorAccessorImpl.newInstance(DelegatingConstructorAccessorImpl.java:45)
	at java.base/java.lang.reflect.Constructor.newInstanceWithCaller(Constructor.java:499)
	at java.base/java.lang.reflect.Constructor.newInstance(Constructor.java:480)
	at org.openqa.selenium.remote.codec.w3c.W3CHttpResponseCodec.createException(W3CHttpResponseCodec.java:200)
	at org.openqa.selenium.remote.codec.w3c.W3CHttpResponseCodec.decode(W3CHttpResponseCodec.java:133)
	at org.openqa.selenium.remote.codec.w3c.W3CHttpResponseCodec.decode(W3CHttpResponseCodec.java:52)
	at org.openqa.selenium.remote.HttpCommandExecutor.execute(HttpCommandExecutor.java:191)
	at io.appium.java_client.remote.AppiumCommandExecutor.execute(AppiumCommandExecutor.java:238)
	at org.openqa.selenium.remote.RemoteWebDriver.execute(RemoteWebDriver.java:523)
	at org.openqa.selenium.remote.ElementLocation$ElementFinder$2.findElement(ElementLocation.java:165)
	at org.openqa.selenium.remote.ElementLocation.findElement(ElementLocation.java:66)
	at org.openqa.selenium.remote.RemoteWebDriver.findElement(RemoteWebDriver.java:360)
	at org.openqa.selenium.remote.RemoteWebDriver.findElement(RemoteWebDriver.java:354)
	at testcases.MultiplicationTest.multiplicationTest(MultiplicationTest.java:22)
</failure>
    <system-out>Multiplication Test
</system-out>
  </testcase>
  <testcase classname="testcases.SubtractionTest" name="subtractionTest" time="0.044">
    <failure message="The session identified by f07caf06-1d64-4773-9c63-43649b015a63 is not known
Build info: version: &apos;4.16.1&apos;, revision: &apos;9b4c83354e&apos;
System info: os.name: &apos;Windows 11&apos;, os.arch: &apos;amd64&apos;, os.version: &apos;10.0&apos;, java.version: &apos;17.0.4.1&apos;
Driver info: io.appium.java_client.AppiumDriver
Command: [ebbe0a4f-92b4-4018-b2b1-cf7dd6850e49, findElement {using=id, value=com.google.android.calculator:id/digit_4}]
Capabilities {appium:appActivity: com.android.calculator2.Cal..., appium:appPackage: com.google.android.calculator, appium:automationName: UiAutomator2, appium:databaseEnabled: false, appium:desired: {appActivity: com.android.calculator2.Cal..., appPackage: com.google.android.calculator, automationName: UiAutomator2, deviceName: Galaxy S23 Ultra, platformName: ANDROID, platformVersion: 14}, appium:deviceName: R5CW12WPQFB, appium:deviceUDID: R5CW12WPQFB, appium:javascriptEnabled: true, appium:locationContextEnabled: false, appium:networkConnectionEnabled: true, appium:platformVersion: 14, appium:takesScreenshot: true, appium:warnings: {}, appium:webStorageEnabled: false, platformName: ANDROID}
Session ID: ebbe0a4f-92b4-4018-b2b1-cf7dd6850e49" type="org.openqa.selenium.NoSuchSessionException">org.openqa.selenium.NoSuchSessionException: The session identified by f07caf06-1d64-4773-9c63-43649b015a63 is not known
Build info: version: &apos;4.16.1&apos;, revision: &apos;9b4c83354e&apos;
System info: os.name: &apos;Windows 11&apos;, os.arch: &apos;amd64&apos;, os.version: &apos;10.0&apos;, java.version: &apos;17.0.4.1&apos;
Driver info: io.appium.java_client.AppiumDriver
Command: [ebbe0a4f-92b4-4018-b2b1-cf7dd6850e49, findElement {using=id, value=com.google.android.calculator:id/digit_4}]
Capabilities {appium:appActivity: com.android.calculator2.Cal..., appium:appPackage: com.google.android.calculator, appium:automationName: UiAutomator2, appium:databaseEnabled: false, appium:desired: {appActivity: com.android.calculator2.Cal..., appPackage: com.google.android.calculator, automationName: UiAutomator2, deviceName: Galaxy S23 Ultra, platformName: ANDROID, platformVersion: 14}, appium:deviceName: R5CW12WPQFB, appium:deviceUDID: R5CW12WPQFB, appium:javascriptEnabled: true, appium:locationContextEnabled: false, appium:networkConnectionEnabled: true, appium:platformVersion: 14, appium:takesScreenshot: true, appium:warnings: {}, appium:webStorageEnabled: false, platformName: ANDROID}
Session ID: ebbe0a4f-92b4-4018-b2b1-cf7dd6850e49
	at java.base/jdk.internal.reflect.NativeConstructorAccessorImpl.newInstance0(Native Method)
	at java.base/jdk.internal.reflect.NativeConstructorAccessorImpl.newInstance(NativeConstructorAccessorImpl.java:77)
	at java.base/jdk.internal.reflect.DelegatingConstructorAccessorImpl.newInstance(DelegatingConstructorAccessorImpl.java:45)
	at java.base/java.lang.reflect.Constructor.newInstanceWithCaller(Constructor.java:499)
	at java.base/java.lang.reflect.Constructor.newInstance(Constructor.java:480)
	at org.openqa.selenium.remote.codec.w3c.W3CHttpResponseCodec.createException(W3CHttpResponseCodec.java:200)
	at org.openqa.selenium.remote.codec.w3c.W3CHttpResponseCodec.decode(W3CHttpResponseCodec.java:133)
	at org.openqa.selenium.remote.codec.w3c.W3CHttpResponseCodec.decode(W3CHttpResponseCodec.java:52)
	at org.openqa.selenium.remote.HttpCommandExecutor.execute(HttpCommandExecutor.java:191)
	at io.appium.java_client.remote.AppiumCommandExecutor.execute(AppiumCommandExecutor.java:238)
	at org.openqa.selenium.remote.RemoteWebDriver.execute(RemoteWebDriver.java:523)
	at org.openqa.selenium.remote.ElementLocation$ElementFinder$2.findElement(ElementLocation.java:165)
	at org.openqa.selenium.remote.ElementLocation.findElement(ElementLocation.java:66)
	at org.openqa.selenium.remote.RemoteWebDriver.findElement(RemoteWebDriver.java:360)
	at org.openqa.selenium.remote.RemoteWebDriver.findElement(RemoteWebDriver.java:354)
	at testcases.SubtractionTest.subtractionTest(SubtractionTest.java:24)
</failure>
    <system-out>Subtraction Test
</system-out>
  </testcase>
</testsuite>